<?xml version="1.0" encoding="UTF-8" ?>
<testsuite tests="12" failures="0" name="FactureMetierTest" time="0.003" errors="0" skipped="0">
  <properties>
[...]
</properties>
  <testcase classname="FactureMetierTest" name="testfactureTroisBoiteContreMigraineLocal" time="0.003"/>
  <testcase classname="FactureMetierTest" name="testGetSommeTotalFactureAndTaxeFirstInput" time="0"/>
  <testcase classname="FactureMetierTest" name="testGetSommeTotalFactureAndTaxethirdInput" time="0"/>
  <testcase classname="FactureMetierTest" name="testGetSommeTotalFactureAndTaxeSecondeInput" time="0"/>
  <testcase classname="FactureMetierTest" name="testfactureDeuxBoitesChocoLocal" time="0"/>
  <testcase classname="FactureMetierTest" name="testfactureDeuxLivreLocal" time="0"/>
  <testcase classname="FactureMetierTest" name="testfactureUnCdLocal" time="0"/>
  <testcase classname="FactureMetierTest" name="testfactureTroisBarreChocoLocal" time="0"/>
  <testcase classname="FactureMetierTest" name="testfactureDeuxBoitesChocoImp" time="0"/>
  <testcase classname="FactureMetierTest" name="testfactureDeuxFlaconParfImpo" time="0"/>
  <testcase classname="FactureMetierTest" name="testfactureUnFlaconParfLocal" time="0"/>
  <testcase classname="FactureMetierTest" name="testfactureDeuxBoiteChocolatImpo" time="0"/>
</testsuite>